The system is: Darwin - 19.0.0 - x86_64
Compiling the C compiler identification source file "CMakeCCompilerId.c" succeeded.
Compiler: /usr/local/bin/gcc-6 
Build flags: ;-std=c99
Id flags:  

The output was:
0


Compilation of the C compiler identification source "CMakeCCompilerId.c" produced "a.out"

The C compiler identification is GNU, found in "/Users/Double/Documents/workspace/postgraduate/df-allocator/build/CMakeFiles/3.15.3/CompilerIdC/a.out"

Compiling the CXX compiler identification source file "CMakeCXXCompilerId.cpp" succeeded.
Compiler: /usr/local/bin/g++-6 
Build flags: 
Id flags:  

The output was:
0


Compilation of the CXX compiler identification source "CMakeCXXCompilerId.cpp" produced "a.out"

The CXX compiler identification is GNU, found in "/Users/Double/Documents/workspace/postgraduate/df-allocator/build/CMakeFiles/3.15.3/CompilerIdCXX/a.out"

Determining if the C compiler works passed with the following output:
Change Dir: /Users/Double/Documents/workspace/postgraduate/df-allocator/build/CMakeFiles/CMakeTmp

Run Build Command(s):/usr/bin/make cmTC_c8578/fast && /Library/Developer/CommandLineTools/usr/bin/make -f CMakeFiles/cmTC_c8578.dir/build.make CMakeFiles/cmTC_c8578.dir/build
Building C object CMakeFiles/cmTC_c8578.dir/testCCompiler.c.o
/usr/local/bin/gcc-6   -std=c99  -isysroot /Library/Developer/CommandLineTools/SDKs/MacOSX10.15.sdk   -o CMakeFiles/cmTC_c8578.dir/testCCompiler.c.o   -c /Users/Double/Documents/workspace/postgraduate/df-allocator/build/CMakeFiles/CMakeTmp/testCCompiler.c
Linking C executable cmTC_c8578
/usr/local/Cellar/cmake/3.15.3/bin/cmake -E cmake_link_script CMakeFiles/cmTC_c8578.dir/link.txt --verbose=1
/usr/local/bin/gcc-6  -std=c99  -isysroot /Library/Developer/CommandLineTools/SDKs/MacOSX10.15.sdk -Wl,-search_paths_first -Wl,-headerpad_max_install_names   CMakeFiles/cmTC_c8578.dir/testCCompiler.c.o  -o cmTC_c8578 



Detecting C compiler ABI info compiled with the following output:
Change Dir: /Users/Double/Documents/workspace/postgraduate/df-allocator/build/CMakeFiles/CMakeTmp

Run Build Command(s):/usr/bin/make cmTC_97d70/fast && /Library/Developer/CommandLineTools/usr/bin/make -f CMakeFiles/cmTC_97d70.dir/build.make CMakeFiles/cmTC_97d70.dir/build
Building C object CMakeFiles/cmTC_97d70.dir/CMakeCCompilerABI.c.o
/usr/local/bin/gcc-6   -std=c99  -isysroot /Library/Developer/CommandLineTools/SDKs/MacOSX10.15.sdk   -v -Wl,-v -o CMakeFiles/cmTC_97d70.dir/CMakeCCompilerABI.c.o   -c /usr/local/Cellar/cmake/3.15.3/share/cmake/Modules/CMakeCCompilerABI.c
Using built-in specs.
COLLECT_GCC=/usr/local/bin/gcc-6
Target: x86_64-apple-darwin18.5.0
Configured with: ../configure --build=x86_64-apple-darwin18.5.0 --prefix=/usr/local/Cellar/gcc@6/6.5.0_2 --libdir=/usr/local/Cellar/gcc@6/6.5.0_2/lib/gcc/6 --enable-languages=c,c++,objc,obj-c++,fortran --program-suffix=-6 --with-gmp=/usr/local/opt/gmp --with-mpfr=/usr/local/opt/mpfr --with-mpc=/usr/local/opt/libmpc --with-isl=/usr/local/opt/isl --with-system-zlib --enable-stage1-checking --enable-checking=release --enable-lto --with-build-config=bootstrap-debug --disable-werror --with-pkgversion='Homebrew GCC 6.5.0_2' --with-bugurl=https://github.com/Homebrew/homebrew-core/issues --disable-nls --disable-multilib --with-native-system-header-dir=/usr/include --with-sysroot=/Library/Developer/CommandLineTools/SDKs/MacOSX.sdk
Thread model: posix
gcc version 6.5.0 (Homebrew GCC 6.5.0_2) 
COLLECT_GCC_OPTIONS='-std=c99' '-isysroot' '/Library/Developer/CommandLineTools/SDKs/MacOSX10.15.sdk' '-v' '-o' 'CMakeFiles/cmTC_97d70.dir/CMakeCCompilerABI.c.o' '-c' '-mmacosx-version-min=10.15.0' '-asm_macosx_version_min=10.15' '-mtune=core2'
 /usr/local/Cellar/gcc@6/6.5.0_2/libexec/gcc/x86_64-apple-darwin18.5.0/6.5.0/cc1 -quiet -v -D__DYNAMIC__ -isysroot /Library/Developer/CommandLineTools/SDKs/MacOSX10.15.sdk /usr/local/Cellar/cmake/3.15.3/share/cmake/Modules/CMakeCCompilerABI.c -fPIC -quiet -dumpbase CMakeCCompilerABI.c -mmacosx-version-min=10.15.0 -mtune=core2 -auxbase-strip CMakeFiles/cmTC_97d70.dir/CMakeCCompilerABI.c.o -std=c99 -version -o /var/folders/hf/6zydfxtd707crbrhz18rw86r0000gn/T//ccXZG6E2.s
GNU C99 (Homebrew GCC 6.5.0_2) version 6.5.0 (x86_64-apple-darwin18.5.0)
	compiled by GNU C version 6.5.0, GMP version 6.1.2, MPFR version 4.0.2, MPC version 1.1.0, isl version 0.15
GGC heuristics: --param ggc-min-expand=100 --param ggc-min-heapsize=131072
ignoring nonexistent directory "/Library/Developer/CommandLineTools/SDKs/MacOSX10.15.sdk/usr/local/include"
ignoring nonexistent directory "/usr/local/Cellar/gcc@6/6.5.0_2/lib/gcc/6/gcc/x86_64-apple-darwin18.5.0/6.5.0/../../../../../../x86_64-apple-darwin18.5.0/include"
ignoring nonexistent directory "/Library/Developer/CommandLineTools/SDKs/MacOSX10.15.sdk/Library/Frameworks"
#include "..." search starts here:
#include <...> search starts here:
 /usr/local/Cellar/gcc@6/6.5.0_2/lib/gcc/6/gcc/x86_64-apple-darwin18.5.0/6.5.0/include
 /usr/local/Cellar/gcc@6/6.5.0_2/lib/gcc/6/gcc/x86_64-apple-darwin18.5.0/6.5.0/include-fixed
 /Library/Developer/CommandLineTools/SDKs/MacOSX10.15.sdk/usr/include
 /Library/Developer/CommandLineTools/SDKs/MacOSX10.15.sdk/System/Library/Frameworks
End of search list.
GNU C99 (Homebrew GCC 6.5.0_2) version 6.5.0 (x86_64-apple-darwin18.5.0)
	compiled by GNU C version 6.5.0, GMP version 6.1.2, MPFR version 4.0.2, MPC version 1.1.0, isl version 0.15
GGC heuristics: --param ggc-min-expand=100 --param ggc-min-heapsize=131072
Compiler executable checksum: 0523a85d07b9e4741d1f47536b6f847d
COLLECT_GCC_OPTIONS='-std=c99' '-isysroot' '/Library/Developer/CommandLineTools/SDKs/MacOSX10.15.sdk' '-v' '-o' 'CMakeFiles/cmTC_97d70.dir/CMakeCCompilerABI.c.o' '-c' '-mmacosx-version-min=10.15.0'  '-mtune=core2'
 as -arch x86_64 -v -force_cpusubtype_ALL -mmacosx-version-min=10.15 -o CMakeFiles/cmTC_97d70.dir/CMakeCCompilerABI.c.o /var/folders/hf/6zydfxtd707crbrhz18rw86r0000gn/T//ccXZG6E2.s
Apple clang version 11.0.0 (clang-1100.0.33.12)
Target: x86_64-apple-darwin19.0.0
Thread model: posix
InstalledDir: /Library/Developer/CommandLineTools/usr/bin
 "/Library/Developer/CommandLineTools/usr/bin/clang" -cc1as -triple x86_64-apple-macosx10.15.0 -filetype obj -main-file-name ccXZG6E2.s -target-cpu penryn -fdebug-compilation-dir /Users/Double/Documents/workspace/postgraduate/df-allocator/build/CMakeFiles/CMakeTmp -dwarf-debug-producer Apple clang version 11.0.0 (clang-1100.0.33.12) -dwarf-version=4 -mrelocation-model pic -o CMakeFiles/cmTC_97d70.dir/CMakeCCompilerABI.c.o /var/folders/hf/6zydfxtd707crbrhz18rw86r0000gn/T//ccXZG6E2.s
COMPILER_PATH=/usr/local/Cellar/gcc@6/6.5.0_2/libexec/gcc/x86_64-apple-darwin18.5.0/6.5.0/:/usr/local/Cellar/gcc@6/6.5.0_2/libexec/gcc/x86_64-apple-darwin18.5.0/6.5.0/:/usr/local/Cellar/gcc@6/6.5.0_2/libexec/gcc/x86_64-apple-darwin18.5.0/:/usr/local/Cellar/gcc@6/6.5.0_2/lib/gcc/6/gcc/x86_64-apple-darwin18.5.0/6.5.0/:/usr/local/Cellar/gcc@6/6.5.0_2/lib/gcc/6/gcc/x86_64-apple-darwin18.5.0/
LIBRARY_PATH=/usr/local/Cellar/gcc@6/6.5.0_2/lib/gcc/6/gcc/x86_64-apple-darwin18.5.0/6.5.0/:/usr/local/Cellar/gcc@6/6.5.0_2/lib/gcc/6/gcc/x86_64-apple-darwin18.5.0/6.5.0/../../../
COLLECT_GCC_OPTIONS='-std=c99' '-isysroot' '/Library/Developer/CommandLineTools/SDKs/MacOSX10.15.sdk' '-v' '-o' 'CMakeFiles/cmTC_97d70.dir/CMakeCCompilerABI.c.o' '-c' '-mmacosx-version-min=10.15.0'  '-mtune=core2'
Linking C executable cmTC_97d70
/usr/local/Cellar/cmake/3.15.3/bin/cmake -E cmake_link_script CMakeFiles/cmTC_97d70.dir/link.txt --verbose=1
/usr/local/bin/gcc-6  -std=c99  -isysroot /Library/Developer/CommandLineTools/SDKs/MacOSX10.15.sdk -Wl,-search_paths_first -Wl,-headerpad_max_install_names  -v -Wl,-v CMakeFiles/cmTC_97d70.dir/CMakeCCompilerABI.c.o  -o cmTC_97d70 
Using built-in specs.
COLLECT_GCC=/usr/local/bin/gcc-6
COLLECT_LTO_WRAPPER=/usr/local/Cellar/gcc@6/6.5.0_2/libexec/gcc/x86_64-apple-darwin18.5.0/6.5.0/lto-wrapper
Target: x86_64-apple-darwin18.5.0
Configured with: ../configure --build=x86_64-apple-darwin18.5.0 --prefix=/usr/local/Cellar/gcc@6/6.5.0_2 --libdir=/usr/local/Cellar/gcc@6/6.5.0_2/lib/gcc/6 --enable-languages=c,c++,objc,obj-c++,fortran --program-suffix=-6 --with-gmp=/usr/local/opt/gmp --with-mpfr=/usr/local/opt/mpfr --with-mpc=/usr/local/opt/libmpc --with-isl=/usr/local/opt/isl --with-system-zlib --enable-stage1-checking --enable-checking=release --enable-lto --with-build-config=bootstrap-debug --disable-werror --with-pkgversion='Homebrew GCC 6.5.0_2' --with-bugurl=https://github.com/Homebrew/homebrew-core/issues --disable-nls --disable-multilib --with-native-system-header-dir=/usr/include --with-sysroot=/Library/Developer/CommandLineTools/SDKs/MacOSX.sdk
Thread model: posix
gcc version 6.5.0 (Homebrew GCC 6.5.0_2) 
COMPILER_PATH=/usr/local/Cellar/gcc@6/6.5.0_2/libexec/gcc/x86_64-apple-darwin18.5.0/6.5.0/:/usr/local/Cellar/gcc@6/6.5.0_2/libexec/gcc/x86_64-apple-darwin18.5.0/6.5.0/:/usr/local/Cellar/gcc@6/6.5.0_2/libexec/gcc/x86_64-apple-darwin18.5.0/:/usr/local/Cellar/gcc@6/6.5.0_2/lib/gcc/6/gcc/x86_64-apple-darwin18.5.0/6.5.0/:/usr/local/Cellar/gcc@6/6.5.0_2/lib/gcc/6/gcc/x86_64-apple-darwin18.5.0/
LIBRARY_PATH=/usr/local/Cellar/gcc@6/6.5.0_2/lib/gcc/6/gcc/x86_64-apple-darwin18.5.0/6.5.0/:/usr/local/Cellar/gcc@6/6.5.0_2/lib/gcc/6/gcc/x86_64-apple-darwin18.5.0/6.5.0/../../../
COLLECT_GCC_OPTIONS='-std=c99' '-isysroot' '/Library/Developer/CommandLineTools/SDKs/MacOSX10.15.sdk' '-v' '-o' 'cmTC_97d70' '-mmacosx-version-min=10.15.0' '-asm_macosx_version_min=10.15' '-mtune=core2'
 /usr/local/Cellar/gcc@6/6.5.0_2/libexec/gcc/x86_64-apple-darwin18.5.0/6.5.0/collect2 -dynamic -arch x86_64 -macosx_version_min 10.15.0 -syslibroot /Library/Developer/CommandLineTools/SDKs/MacOSX10.15.sdk -weak_reference_mismatches non-weak -o cmTC_97d70 -L/usr/local/Cellar/gcc@6/6.5.0_2/lib/gcc/6/gcc/x86_64-apple-darwin18.5.0/6.5.0 -L/usr/local/Cellar/gcc@6/6.5.0_2/lib/gcc/6/gcc/x86_64-apple-darwin18.5.0/6.5.0/../../.. -search_paths_first -headerpad_max_install_names -v CMakeFiles/cmTC_97d70.dir/CMakeCCompilerABI.c.o -no_compact_unwind -lSystem -lgcc_ext.10.5 -lgcc -lSystem -v
collect2 version 6.5.0
/usr/bin/ld -dynamic -arch x86_64 -macosx_version_min 10.15.0 -syslibroot /Library/Developer/CommandLineTools/SDKs/MacOSX10.15.sdk -weak_reference_mismatches non-weak -o cmTC_97d70 -L/usr/local/Cellar/gcc@6/6.5.0_2/lib/gcc/6/gcc/x86_64-apple-darwin18.5.0/6.5.0 -L/usr/local/Cellar/gcc@6/6.5.0_2/lib/gcc/6/gcc/x86_64-apple-darwin18.5.0/6.5.0/../../.. -search_paths_first -headerpad_max_install_names -v CMakeFiles/cmTC_97d70.dir/CMakeCCompilerABI.c.o -no_compact_unwind -lSystem -lgcc_ext.10.5 -lgcc -lSystem -v
@(#)PROGRAM:ld  PROJECT:ld64-520
BUILD 18:38:01 Oct 11 2019
configured to support archs: armv6 armv7 armv7s arm64 arm64e arm64_32 i386 x86_64 x86_64h armv6m armv7k armv7m armv7em
@(#)PROGRAM:ld  PROJECT:ld64-520
BUILD 18:38:01 Oct 11 2019
configured to support archs: armv6 armv7 armv7s arm64 arm64e arm64_32 i386 x86_64 x86_64h armv6m armv7k armv7m armv7em
Library search paths:
	/usr/local/Cellar/gcc@6/6.5.0_2/lib/gcc/6/gcc/x86_64-apple-darwin18.5.0/6.5.0
	/usr/local/Cellar/gcc@6/6.5.0_2/lib/gcc/6
	/Library/Developer/CommandLineTools/SDKs/MacOSX10.15.sdk/usr/lib
Framework search paths:
	/Library/Developer/CommandLineTools/SDKs/MacOSX10.15.sdk/System/Library/Frameworks/
 /usr/bin/nm -n CMakeFiles/cmTC_97d70.dir/CMakeCCompilerABI.c.o



Parsed C implicit include dir info from above output: rv=done
  found start of include info
  found start of implicit include info
    add: [/usr/local/Cellar/gcc@6/6.5.0_2/lib/gcc/6/gcc/x86_64-apple-darwin18.5.0/6.5.0/include]
    add: [/usr/local/Cellar/gcc@6/6.5.0_2/lib/gcc/6/gcc/x86_64-apple-darwin18.5.0/6.5.0/include-fixed]
    add: [/Library/Developer/CommandLineTools/SDKs/MacOSX10.15.sdk/usr/include]
    add: [/Library/Developer/CommandLineTools/SDKs/MacOSX10.15.sdk/System/Library/Frameworks]
  end of search list found
  collapse include dir [/usr/local/Cellar/gcc@6/6.5.0_2/lib/gcc/6/gcc/x86_64-apple-darwin18.5.0/6.5.0/include] ==> [/usr/local/Cellar/gcc@6/6.5.0_2/lib/gcc/6/gcc/x86_64-apple-darwin18.5.0/6.5.0/include]
  collapse include dir [/usr/local/Cellar/gcc@6/6.5.0_2/lib/gcc/6/gcc/x86_64-apple-darwin18.5.0/6.5.0/include-fixed] ==> [/usr/local/Cellar/gcc@6/6.5.0_2/lib/gcc/6/gcc/x86_64-apple-darwin18.5.0/6.5.0/include-fixed]
  collapse include dir [/Library/Developer/CommandLineTools/SDKs/MacOSX10.15.sdk/usr/include] ==> [/Library/Developer/CommandLineTools/SDKs/MacOSX10.15.sdk/usr/include]
  collapse include dir [/Library/Developer/CommandLineTools/SDKs/MacOSX10.15.sdk/System/Library/Frameworks] ==> [/Library/Developer/CommandLineTools/SDKs/MacOSX10.15.sdk/System/Library/Frameworks]
  implicit include dirs: [/usr/local/Cellar/gcc@6/6.5.0_2/lib/gcc/6/gcc/x86_64-apple-darwin18.5.0/6.5.0/include;/usr/local/Cellar/gcc@6/6.5.0_2/lib/gcc/6/gcc/x86_64-apple-darwin18.5.0/6.5.0/include-fixed;/Library/Developer/CommandLineTools/SDKs/MacOSX10.15.sdk/usr/include;/Library/Developer/CommandLineTools/SDKs/MacOSX10.15.sdk/System/Library/Frameworks]


Parsed C implicit link information from above output:
  link line regex: [^( *|.*[/\])(ld|CMAKE_LINK_STARTFILE-NOTFOUND|([^/\]+-)?ld|collect2)[^/\]*( |$)]
  ignore line: [Change Dir: /Users/Double/Documents/workspace/postgraduate/df-allocator/build/CMakeFiles/CMakeTmp]
  ignore line: []
  ignore line: [Run Build Command(s):/usr/bin/make cmTC_97d70/fast && /Library/Developer/CommandLineTools/usr/bin/make -f CMakeFiles/cmTC_97d70.dir/build.make CMakeFiles/cmTC_97d70.dir/build]
  ignore line: [Building C object CMakeFiles/cmTC_97d70.dir/CMakeCCompilerABI.c.o]
  ignore line: [/usr/local/bin/gcc-6   -std=c99  -isysroot /Library/Developer/CommandLineTools/SDKs/MacOSX10.15.sdk   -v -Wl,-v -o CMakeFiles/cmTC_97d70.dir/CMakeCCompilerABI.c.o   -c /usr/local/Cellar/cmake/3.15.3/share/cmake/Modules/CMakeCCompilerABI.c]
  ignore line: [Using built-in specs.]
  ignore line: [COLLECT_GCC=/usr/local/bin/gcc-6]
  ignore line: [Target: x86_64-apple-darwin18.5.0]
  ignore line: [Configured with: ../configure --build=x86_64-apple-darwin18.5.0 --prefix=/usr/local/Cellar/gcc@6/6.5.0_2 --libdir=/usr/local/Cellar/gcc@6/6.5.0_2/lib/gcc/6 --enable-languages=c,c++,objc,obj-c++,fortran --program-suffix=-6 --with-gmp=/usr/local/opt/gmp --with-mpfr=/usr/local/opt/mpfr --with-mpc=/usr/local/opt/libmpc --with-isl=/usr/local/opt/isl --with-system-zlib --enable-stage1-checking --enable-checking=release --enable-lto --with-build-config=bootstrap-debug --disable-werror --with-pkgversion='Homebrew GCC 6.5.0_2' --with-bugurl=https://github.com/Homebrew/homebrew-core/issues --disable-nls --disable-multilib --with-native-system-header-dir=/usr/include --with-sysroot=/Library/Developer/CommandLineTools/SDKs/MacOSX.sdk]
  ignore line: [Thread model: posix]
  ignore line: [gcc version 6.5.0 (Homebrew GCC 6.5.0_2) ]
  ignore line: [COLLECT_GCC_OPTIONS='-std=c99' '-isysroot' '/Library/Developer/CommandLineTools/SDKs/MacOSX10.15.sdk' '-v' '-o' 'CMakeFiles/cmTC_97d70.dir/CMakeCCompilerABI.c.o' '-c' '-mmacosx-version-min=10.15.0' '-asm_macosx_version_min=10.15' '-mtune=core2']
  ignore line: [ /usr/local/Cellar/gcc@6/6.5.0_2/libexec/gcc/x86_64-apple-darwin18.5.0/6.5.0/cc1 -quiet -v -D__DYNAMIC__ -isysroot /Library/Developer/CommandLineTools/SDKs/MacOSX10.15.sdk /usr/local/Cellar/cmake/3.15.3/share/cmake/Modules/CMakeCCompilerABI.c -fPIC -quiet -dumpbase CMakeCCompilerABI.c -mmacosx-version-min=10.15.0 -mtune=core2 -auxbase-strip CMakeFiles/cmTC_97d70.dir/CMakeCCompilerABI.c.o -std=c99 -version -o /var/folders/hf/6zydfxtd707crbrhz18rw86r0000gn/T//ccXZG6E2.s]
  ignore line: [GNU C99 (Homebrew GCC 6.5.0_2) version 6.5.0 (x86_64-apple-darwin18.5.0)]
  ignore line: [	compiled by GNU C version 6.5.0, GMP version 6.1.2, MPFR version 4.0.2, MPC version 1.1.0, isl version 0.15]
  ignore line: [GGC heuristics: --param ggc-min-expand=100 --param ggc-min-heapsize=131072]
  ignore line: [ignoring nonexistent directory "/Library/Developer/CommandLineTools/SDKs/MacOSX10.15.sdk/usr/local/include"]
  ignore line: [ignoring nonexistent directory "/usr/local/Cellar/gcc@6/6.5.0_2/lib/gcc/6/gcc/x86_64-apple-darwin18.5.0/6.5.0/../../../../../../x86_64-apple-darwin18.5.0/include"]
  ignore line: [ignoring nonexistent directory "/Library/Developer/CommandLineTools/SDKs/MacOSX10.15.sdk/Library/Frameworks"]
  ignore line: [#include "..." search starts here:]
  ignore line: [#include <...> search starts here:]
  ignore line: [ /usr/local/Cellar/gcc@6/6.5.0_2/lib/gcc/6/gcc/x86_64-apple-darwin18.5.0/6.5.0/include]
  ignore line: [ /usr/local/Cellar/gcc@6/6.5.0_2/lib/gcc/6/gcc/x86_64-apple-darwin18.5.0/6.5.0/include-fixed]
  ignore line: [ /Library/Developer/CommandLineTools/SDKs/MacOSX10.15.sdk/usr/include]
  ignore line: [ /Library/Developer/CommandLineTools/SDKs/MacOSX10.15.sdk/System/Library/Frameworks]
  ignore line: [End of search list.]
  ignore line: [GNU C99 (Homebrew GCC 6.5.0_2) version 6.5.0 (x86_64-apple-darwin18.5.0)]
  ignore line: [	compiled by GNU C version 6.5.0, GMP version 6.1.2, MPFR version 4.0.2, MPC version 1.1.0, isl version 0.15]
  ignore line: [GGC heuristics: --param ggc-min-expand=100 --param ggc-min-heapsize=131072]
  ignore line: [Compiler executable checksum: 0523a85d07b9e4741d1f47536b6f847d]
  ignore line: [COLLECT_GCC_OPTIONS='-std=c99' '-isysroot' '/Library/Developer/CommandLineTools/SDKs/MacOSX10.15.sdk' '-v' '-o' 'CMakeFiles/cmTC_97d70.dir/CMakeCCompilerABI.c.o' '-c' '-mmacosx-version-min=10.15.0'  '-mtune=core2']
  ignore line: [ as -arch x86_64 -v -force_cpusubtype_ALL -mmacosx-version-min=10.15 -o CMakeFiles/cmTC_97d70.dir/CMakeCCompilerABI.c.o /var/folders/hf/6zydfxtd707crbrhz18rw86r0000gn/T//ccXZG6E2.s]
  ignore line: [Apple clang version 11.0.0 (clang-1100.0.33.12)]
  ignore line: [Target: x86_64-apple-darwin19.0.0]
  ignore line: [Thread model: posix]
  ignore line: [InstalledDir: /Library/Developer/CommandLineTools/usr/bin]
  ignore line: [ "/Library/Developer/CommandLineTools/usr/bin/clang" -cc1as -triple x86_64-apple-macosx10.15.0 -filetype obj -main-file-name ccXZG6E2.s -target-cpu penryn -fdebug-compilation-dir /Users/Double/Documents/workspace/postgraduate/df-allocator/build/CMakeFiles/CMakeTmp -dwarf-debug-producer Apple clang version 11.0.0 (clang-1100.0.33.12) -dwarf-version=4 -mrelocation-model pic -o CMakeFiles/cmTC_97d70.dir/CMakeCCompilerABI.c.o /var/folders/hf/6zydfxtd707crbrhz18rw86r0000gn/T//ccXZG6E2.s]
  ignore line: [COMPILER_PATH=/usr/local/Cellar/gcc@6/6.5.0_2/libexec/gcc/x86_64-apple-darwin18.5.0/6.5.0/:/usr/local/Cellar/gcc@6/6.5.0_2/libexec/gcc/x86_64-apple-darwin18.5.0/6.5.0/:/usr/local/Cellar/gcc@6/6.5.0_2/libexec/gcc/x86_64-apple-darwin18.5.0/:/usr/local/Cellar/gcc@6/6.5.0_2/lib/gcc/6/gcc/x86_64-apple-darwin18.5.0/6.5.0/:/usr/local/Cellar/gcc@6/6.5.0_2/lib/gcc/6/gcc/x86_64-apple-darwin18.5.0/]
  ignore line: [LIBRARY_PATH=/usr/local/Cellar/gcc@6/6.5.0_2/lib/gcc/6/gcc/x86_64-apple-darwin18.5.0/6.5.0/:/usr/local/Cellar/gcc@6/6.5.0_2/lib/gcc/6/gcc/x86_64-apple-darwin18.5.0/6.5.0/../../../]
  ignore line: [COLLECT_GCC_OPTIONS='-std=c99' '-isysroot' '/Library/Developer/CommandLineTools/SDKs/MacOSX10.15.sdk' '-v' '-o' 'CMakeFiles/cmTC_97d70.dir/CMakeCCompilerABI.c.o' '-c' '-mmacosx-version-min=10.15.0'  '-mtune=core2']
  ignore line: [Linking C executable cmTC_97d70]
  ignore line: [/usr/local/Cellar/cmake/3.15.3/bin/cmake -E cmake_link_script CMakeFiles/cmTC_97d70.dir/link.txt --verbose=1]
  ignore line: [/usr/local/bin/gcc-6  -std=c99  -isysroot /Library/Developer/CommandLineTools/SDKs/MacOSX10.15.sdk -Wl,-search_paths_first -Wl,-headerpad_max_install_names  -v -Wl,-v CMakeFiles/cmTC_97d70.dir/CMakeCCompilerABI.c.o  -o cmTC_97d70 ]
  ignore line: [Using built-in specs.]
  ignore line: [COLLECT_GCC=/usr/local/bin/gcc-6]
  ignore line: [COLLECT_LTO_WRAPPER=/usr/local/Cellar/gcc@6/6.5.0_2/libexec/gcc/x86_64-apple-darwin18.5.0/6.5.0/lto-wrapper]
  ignore line: [Target: x86_64-apple-darwin18.5.0]
  ignore line: [Configured with: ../configure --build=x86_64-apple-darwin18.5.0 --prefix=/usr/local/Cellar/gcc@6/6.5.0_2 --libdir=/usr/local/Cellar/gcc@6/6.5.0_2/lib/gcc/6 --enable-languages=c,c++,objc,obj-c++,fortran --program-suffix=-6 --with-gmp=/usr/local/opt/gmp --with-mpfr=/usr/local/opt/mpfr --with-mpc=/usr/local/opt/libmpc --with-isl=/usr/local/opt/isl --with-system-zlib --enable-stage1-checking --enable-checking=release --enable-lto --with-build-config=bootstrap-debug --disable-werror --with-pkgversion='Homebrew GCC 6.5.0_2' --with-bugurl=https://github.com/Homebrew/homebrew-core/issues --disable-nls --disable-multilib --with-native-system-header-dir=/usr/include --with-sysroot=/Library/Developer/CommandLineTools/SDKs/MacOSX.sdk]
  ignore line: [Thread model: posix]
  ignore line: [gcc version 6.5.0 (Homebrew GCC 6.5.0_2) ]
  ignore line: [COMPILER_PATH=/usr/local/Cellar/gcc@6/6.5.0_2/libexec/gcc/x86_64-apple-darwin18.5.0/6.5.0/:/usr/local/Cellar/gcc@6/6.5.0_2/libexec/gcc/x86_64-apple-darwin18.5.0/6.5.0/:/usr/local/Cellar/gcc@6/6.5.0_2/libexec/gcc/x86_64-apple-darwin18.5.0/:/usr/local/Cellar/gcc@6/6.5.0_2/lib/gcc/6/gcc/x86_64-apple-darwin18.5.0/6.5.0/:/usr/local/Cellar/gcc@6/6.5.0_2/lib/gcc/6/gcc/x86_64-apple-darwin18.5.0/]
  ignore line: [LIBRARY_PATH=/usr/local/Cellar/gcc@6/6.5.0_2/lib/gcc/6/gcc/x86_64-apple-darwin18.5.0/6.5.0/:/usr/local/Cellar/gcc@6/6.5.0_2/lib/gcc/6/gcc/x86_64-apple-darwin18.5.0/6.5.0/../../../]
  ignore line: [COLLECT_GCC_OPTIONS='-std=c99' '-isysroot' '/Library/Developer/CommandLineTools/SDKs/MacOSX10.15.sdk' '-v' '-o' 'cmTC_97d70' '-mmacosx-version-min=10.15.0' '-asm_macosx_version_min=10.15' '-mtune=core2']
  link line: [ /usr/local/Cellar/gcc@6/6.5.0_2/libexec/gcc/x86_64-apple-darwin18.5.0/6.5.0/collect2 -dynamic -arch x86_64 -macosx_version_min 10.15.0 -syslibroot /Library/Developer/CommandLineTools/SDKs/MacOSX10.15.sdk -weak_reference_mismatches non-weak -o cmTC_97d70 -L/usr/local/Cellar/gcc@6/6.5.0_2/lib/gcc/6/gcc/x86_64-apple-darwin18.5.0/6.5.0 -L/usr/local/Cellar/gcc@6/6.5.0_2/lib/gcc/6/gcc/x86_64-apple-darwin18.5.0/6.5.0/../../.. -search_paths_first -headerpad_max_install_names -v CMakeFiles/cmTC_97d70.dir/CMakeCCompilerABI.c.o -no_compact_unwind -lSystem -lgcc_ext.10.5 -lgcc -lSystem -v]
    arg [/usr/local/Cellar/gcc@6/6.5.0_2/libexec/gcc/x86_64-apple-darwin18.5.0/6.5.0/collect2] ==> ignore
    arg [-dynamic] ==> ignore
    arg [-arch] ==> ignore
    arg [x86_64] ==> ignore
    arg [-macosx_version_min] ==> ignore
    arg [10.15.0] ==> ignore
    arg [-syslibroot] ==> ignore
    arg [/Library/Developer/CommandLineTools/SDKs/MacOSX10.15.sdk] ==> ignore
    arg [-weak_reference_mismatches] ==> ignore
    arg [non-weak] ==> ignore
    arg [-o] ==> ignore
    arg [cmTC_97d70] ==> ignore
    arg [-L/usr/local/Cellar/gcc@6/6.5.0_2/lib/gcc/6/gcc/x86_64-apple-darwin18.5.0/6.5.0] ==> dir [/usr/local/Cellar/gcc@6/6.5.0_2/lib/gcc/6/gcc/x86_64-apple-darwin18.5.0/6.5.0]
    arg [-L/usr/local/Cellar/gcc@6/6.5.0_2/lib/gcc/6/gcc/x86_64-apple-darwin18.5.0/6.5.0/../../..] ==> dir [/usr/local/Cellar/gcc@6/6.5.0_2/lib/gcc/6/gcc/x86_64-apple-darwin18.5.0/6.5.0/../../..]
    arg [-search_paths_first] ==> ignore
    arg [-headerpad_max_install_names] ==> ignore
    arg [-v] ==> ignore
    arg [CMakeFiles/cmTC_97d70.dir/CMakeCCompilerABI.c.o] ==> ignore
    arg [-no_compact_unwind] ==> ignore
    arg [-lSystem] ==> lib [System]
    arg [-lgcc_ext.10.5] ==> lib [gcc_ext.10.5]
    arg [-lgcc] ==> lib [gcc]
    arg [-lSystem] ==> lib [System]
    arg [-v] ==> ignore
  Library search paths: [;/usr/local/Cellar/gcc@6/6.5.0_2/lib/gcc/6/gcc/x86_64-apple-darwin18.5.0/6.5.0;/usr/local/Cellar/gcc@6/6.5.0_2/lib/gcc/6;/Library/Developer/CommandLineTools/SDKs/MacOSX10.15.sdk/usr/lib]
  Framework search paths: [;/Library/Developer/CommandLineTools/SDKs/MacOSX10.15.sdk/System/Library/Frameworks/]
  remove lib [System]
  remove lib [System]
  collapse library dir [/usr/local/Cellar/gcc@6/6.5.0_2/lib/gcc/6/gcc/x86_64-apple-darwin18.5.0/6.5.0] ==> [/usr/local/Cellar/gcc@6/6.5.0_2/lib/gcc/6/gcc/x86_64-apple-darwin18.5.0/6.5.0]
  collapse library dir [/usr/local/Cellar/gcc@6/6.5.0_2/lib/gcc/6/gcc/x86_64-apple-darwin18.5.0/6.5.0/../../..] ==> [/usr/local/Cellar/gcc@6/6.5.0_2/lib/gcc/6]
  collapse library dir [/usr/local/Cellar/gcc@6/6.5.0_2/lib/gcc/6/gcc/x86_64-apple-darwin18.5.0/6.5.0] ==> [/usr/local/Cellar/gcc@6/6.5.0_2/lib/gcc/6/gcc/x86_64-apple-darwin18.5.0/6.5.0]
  collapse library dir [/usr/local/Cellar/gcc@6/6.5.0_2/lib/gcc/6] ==> [/usr/local/Cellar/gcc@6/6.5.0_2/lib/gcc/6]
  collapse library dir [/Library/Developer/CommandLineTools/SDKs/MacOSX10.15.sdk/usr/lib] ==> [/Library/Developer/CommandLineTools/SDKs/MacOSX10.15.sdk/usr/lib]
  collapse framework dir [/Library/Developer/CommandLineTools/SDKs/MacOSX10.15.sdk/System/Library/Frameworks/] ==> [/Library/Developer/CommandLineTools/SDKs/MacOSX10.15.sdk/System/Library/Frameworks]
  implicit libs: [gcc_ext.10.5;gcc]
  implicit dirs: [/usr/local/Cellar/gcc@6/6.5.0_2/lib/gcc/6/gcc/x86_64-apple-darwin18.5.0/6.5.0;/usr/local/Cellar/gcc@6/6.5.0_2/lib/gcc/6;/Library/Developer/CommandLineTools/SDKs/MacOSX10.15.sdk/usr/lib]
  implicit fwks: [/Library/Developer/CommandLineTools/SDKs/MacOSX10.15.sdk/System/Library/Frameworks]


Determining if the CXX compiler works passed with the following output:
Change Dir: /Users/Double/Documents/workspace/postgraduate/df-allocator/build/CMakeFiles/CMakeTmp

Run Build Command(s):/usr/bin/make cmTC_09ae7/fast && /Library/Developer/CommandLineTools/usr/bin/make -f CMakeFiles/cmTC_09ae7.dir/build.make CMakeFiles/cmTC_09ae7.dir/build
Building CXX object CMakeFiles/cmTC_09ae7.dir/testCXXCompiler.cxx.o
/usr/local/bin/g++-6    -isysroot /Library/Developer/CommandLineTools/SDKs/MacOSX10.15.sdk   -o CMakeFiles/cmTC_09ae7.dir/testCXXCompiler.cxx.o -c /Users/Double/Documents/workspace/postgraduate/df-allocator/build/CMakeFiles/CMakeTmp/testCXXCompiler.cxx
Linking CXX executable cmTC_09ae7
/usr/local/Cellar/cmake/3.15.3/bin/cmake -E cmake_link_script CMakeFiles/cmTC_09ae7.dir/link.txt --verbose=1
/usr/local/bin/g++-6    -isysroot /Library/Developer/CommandLineTools/SDKs/MacOSX10.15.sdk -Wl,-search_paths_first -Wl,-headerpad_max_install_names   CMakeFiles/cmTC_09ae7.dir/testCXXCompiler.cxx.o  -o cmTC_09ae7 



Detecting CXX compiler ABI info compiled with the following output:
Change Dir: /Users/Double/Documents/workspace/postgraduate/df-allocator/build/CMakeFiles/CMakeTmp

Run Build Command(s):/usr/bin/make cmTC_11472/fast && /Library/Developer/CommandLineTools/usr/bin/make -f CMakeFiles/cmTC_11472.dir/build.make CMakeFiles/cmTC_11472.dir/build
Building CXX object CMakeFiles/cmTC_11472.dir/CMakeCXXCompilerABI.cpp.o
/usr/local/bin/g++-6    -isysroot /Library/Developer/CommandLineTools/SDKs/MacOSX10.15.sdk   -v -Wl,-v -o CMakeFiles/cmTC_11472.dir/CMakeCXXCompilerABI.cpp.o -c /usr/local/Cellar/cmake/3.15.3/share/cmake/Modules/CMakeCXXCompilerABI.cpp
Using built-in specs.
COLLECT_GCC=/usr/local/bin/g++-6
Target: x86_64-apple-darwin18.5.0
Configured with: ../configure --build=x86_64-apple-darwin18.5.0 --prefix=/usr/local/Cellar/gcc@6/6.5.0_2 --libdir=/usr/local/Cellar/gcc@6/6.5.0_2/lib/gcc/6 --enable-languages=c,c++,objc,obj-c++,fortran --program-suffix=-6 --with-gmp=/usr/local/opt/gmp --with-mpfr=/usr/local/opt/mpfr --with-mpc=/usr/local/opt/libmpc --with-isl=/usr/local/opt/isl --with-system-zlib --enable-stage1-checking --enable-checking=release --enable-lto --with-build-config=bootstrap-debug --disable-werror --with-pkgversion='Homebrew GCC 6.5.0_2' --with-bugurl=https://github.com/Homebrew/homebrew-core/issues --disable-nls --disable-multilib --with-native-system-header-dir=/usr/include --with-sysroot=/Library/Developer/CommandLineTools/SDKs/MacOSX.sdk
Thread model: posix
gcc version 6.5.0 (Homebrew GCC 6.5.0_2) 
COLLECT_GCC_OPTIONS='-isysroot' '/Library/Developer/CommandLineTools/SDKs/MacOSX10.15.sdk' '-v' '-o' 'CMakeFiles/cmTC_11472.dir/CMakeCXXCompilerABI.cpp.o' '-c' '-mmacosx-version-min=10.15.0' '-asm_macosx_version_min=10.15' '-shared-libgcc' '-mtune=core2'
 /usr/local/Cellar/gcc@6/6.5.0_2/libexec/gcc/x86_64-apple-darwin18.5.0/6.5.0/cc1plus -quiet -v -D__DYNAMIC__ -isysroot /Library/Developer/CommandLineTools/SDKs/MacOSX10.15.sdk /usr/local/Cellar/cmake/3.15.3/share/cmake/Modules/CMakeCXXCompilerABI.cpp -fPIC -quiet -dumpbase CMakeCXXCompilerABI.cpp -mmacosx-version-min=10.15.0 -mtune=core2 -auxbase-strip CMakeFiles/cmTC_11472.dir/CMakeCXXCompilerABI.cpp.o -version -o /var/folders/hf/6zydfxtd707crbrhz18rw86r0000gn/T//ccnKZwHT.s
GNU C++14 (Homebrew GCC 6.5.0_2) version 6.5.0 (x86_64-apple-darwin18.5.0)
	compiled by GNU C version 6.5.0, GMP version 6.1.2, MPFR version 4.0.2, MPC version 1.1.0, isl version 0.15
GGC heuristics: --param ggc-min-expand=100 --param ggc-min-heapsize=131072
ignoring nonexistent directory "/Library/Developer/CommandLineTools/SDKs/MacOSX10.15.sdk/usr/local/include"
ignoring nonexistent directory "/usr/local/Cellar/gcc@6/6.5.0_2/lib/gcc/6/gcc/x86_64-apple-darwin18.5.0/6.5.0/../../../../../../x86_64-apple-darwin18.5.0/include"
ignoring nonexistent directory "/Library/Developer/CommandLineTools/SDKs/MacOSX10.15.sdk/Library/Frameworks"
#include "..." search starts here:
#include <...> search starts here:
 /usr/local/Cellar/gcc@6/6.5.0_2/lib/gcc/6/gcc/x86_64-apple-darwin18.5.0/6.5.0/../../../../../../include/c++/6.5.0
 /usr/local/Cellar/gcc@6/6.5.0_2/lib/gcc/6/gcc/x86_64-apple-darwin18.5.0/6.5.0/../../../../../../include/c++/6.5.0/x86_64-apple-darwin18.5.0
 /usr/local/Cellar/gcc@6/6.5.0_2/lib/gcc/6/gcc/x86_64-apple-darwin18.5.0/6.5.0/../../../../../../include/c++/6.5.0/backward
 /usr/local/Cellar/gcc@6/6.5.0_2/lib/gcc/6/gcc/x86_64-apple-darwin18.5.0/6.5.0/include
 /usr/local/Cellar/gcc@6/6.5.0_2/lib/gcc/6/gcc/x86_64-apple-darwin18.5.0/6.5.0/include-fixed
 /Library/Developer/CommandLineTools/SDKs/MacOSX10.15.sdk/usr/include
 /Library/Developer/CommandLineTools/SDKs/MacOSX10.15.sdk/System/Library/Frameworks
End of search list.
GNU C++14 (Homebrew GCC 6.5.0_2) version 6.5.0 (x86_64-apple-darwin18.5.0)
	compiled by GNU C version 6.5.0, GMP version 6.1.2, MPFR version 4.0.2, MPC version 1.1.0, isl version 0.15
GGC heuristics: --param ggc-min-expand=100 --param ggc-min-heapsize=131072
Compiler executable checksum: e251c6e79ef1d8d16e9c3cb3d9bf1883
COLLECT_GCC_OPTIONS='-isysroot' '/Library/Developer/CommandLineTools/SDKs/MacOSX10.15.sdk' '-v' '-o' 'CMakeFiles/cmTC_11472.dir/CMakeCXXCompilerABI.cpp.o' '-c' '-mmacosx-version-min=10.15.0'  '-shared-libgcc' '-mtune=core2'
 as -arch x86_64 -v -force_cpusubtype_ALL -mmacosx-version-min=10.15 -o CMakeFiles/cmTC_11472.dir/CMakeCXXCompilerABI.cpp.o /var/folders/hf/6zydfxtd707crbrhz18rw86r0000gn/T//ccnKZwHT.s
Apple clang version 11.0.0 (clang-1100.0.33.12)
Target: x86_64-apple-darwin19.0.0
Thread model: posix
InstalledDir: /Library/Developer/CommandLineTools/usr/bin
 "/Library/Developer/CommandLineTools/usr/bin/clang" -cc1as -triple x86_64-apple-macosx10.15.0 -filetype obj -main-file-name ccnKZwHT.s -target-cpu penryn -fdebug-compilation-dir /Users/Double/Documents/workspace/postgraduate/df-allocator/build/CMakeFiles/CMakeTmp -dwarf-debug-producer Apple clang version 11.0.0 (clang-1100.0.33.12) -dwarf-version=4 -mrelocation-model pic -o CMakeFiles/cmTC_11472.dir/CMakeCXXCompilerABI.cpp.o /var/folders/hf/6zydfxtd707crbrhz18rw86r0000gn/T//ccnKZwHT.s
COMPILER_PATH=/usr/local/Cellar/gcc@6/6.5.0_2/libexec/gcc/x86_64-apple-darwin18.5.0/6.5.0/:/usr/local/Cellar/gcc@6/6.5.0_2/libexec/gcc/x86_64-apple-darwin18.5.0/6.5.0/:/usr/local/Cellar/gcc@6/6.5.0_2/libexec/gcc/x86_64-apple-darwin18.5.0/:/usr/local/Cellar/gcc@6/6.5.0_2/lib/gcc/6/gcc/x86_64-apple-darwin18.5.0/6.5.0/:/usr/local/Cellar/gcc@6/6.5.0_2/lib/gcc/6/gcc/x86_64-apple-darwin18.5.0/
LIBRARY_PATH=/usr/local/Cellar/gcc@6/6.5.0_2/lib/gcc/6/gcc/x86_64-apple-darwin18.5.0/6.5.0/:/usr/local/Cellar/gcc@6/6.5.0_2/lib/gcc/6/gcc/x86_64-apple-darwin18.5.0/6.5.0/../../../
COLLECT_GCC_OPTIONS='-isysroot' '/Library/Developer/CommandLineTools/SDKs/MacOSX10.15.sdk' '-v' '-o' 'CMakeFiles/cmTC_11472.dir/CMakeCXXCompilerABI.cpp.o' '-c' '-mmacosx-version-min=10.15.0'  '-shared-libgcc' '-mtune=core2'
Linking CXX executable cmTC_11472
/usr/local/Cellar/cmake/3.15.3/bin/cmake -E cmake_link_script CMakeFiles/cmTC_11472.dir/link.txt --verbose=1
/usr/local/bin/g++-6    -isysroot /Library/Developer/CommandLineTools/SDKs/MacOSX10.15.sdk -Wl,-search_paths_first -Wl,-headerpad_max_install_names  -v -Wl,-v CMakeFiles/cmTC_11472.dir/CMakeCXXCompilerABI.cpp.o  -o cmTC_11472 
Using built-in specs.
COLLECT_GCC=/usr/local/bin/g++-6
COLLECT_LTO_WRAPPER=/usr/local/Cellar/gcc@6/6.5.0_2/libexec/gcc/x86_64-apple-darwin18.5.0/6.5.0/lto-wrapper
Target: x86_64-apple-darwin18.5.0
Configured with: ../configure --build=x86_64-apple-darwin18.5.0 --prefix=/usr/local/Cellar/gcc@6/6.5.0_2 --libdir=/usr/local/Cellar/gcc@6/6.5.0_2/lib/gcc/6 --enable-languages=c,c++,objc,obj-c++,fortran --program-suffix=-6 --with-gmp=/usr/local/opt/gmp --with-mpfr=/usr/local/opt/mpfr --with-mpc=/usr/local/opt/libmpc --with-isl=/usr/local/opt/isl --with-system-zlib --enable-stage1-checking --enable-checking=release --enable-lto --with-build-config=bootstrap-debug --disable-werror --with-pkgversion='Homebrew GCC 6.5.0_2' --with-bugurl=https://github.com/Homebrew/homebrew-core/issues --disable-nls --disable-multilib --with-native-system-header-dir=/usr/include --with-sysroot=/Library/Developer/CommandLineTools/SDKs/MacOSX.sdk
Thread model: posix
gcc version 6.5.0 (Homebrew GCC 6.5.0_2) 
COMPILER_PATH=/usr/local/Cellar/gcc@6/6.5.0_2/libexec/gcc/x86_64-apple-darwin18.5.0/6.5.0/:/usr/local/Cellar/gcc@6/6.5.0_2/libexec/gcc/x86_64-apple-darwin18.5.0/6.5.0/:/usr/local/Cellar/gcc@6/6.5.0_2/libexec/gcc/x86_64-apple-darwin18.5.0/:/usr/local/Cellar/gcc@6/6.5.0_2/lib/gcc/6/gcc/x86_64-apple-darwin18.5.0/6.5.0/:/usr/local/Cellar/gcc@6/6.5.0_2/lib/gcc/6/gcc/x86_64-apple-darwin18.5.0/
LIBRARY_PATH=/usr/local/Cellar/gcc@6/6.5.0_2/lib/gcc/6/gcc/x86_64-apple-darwin18.5.0/6.5.0/:/usr/local/Cellar/gcc@6/6.5.0_2/lib/gcc/6/gcc/x86_64-apple-darwin18.5.0/6.5.0/../../../
COLLECT_GCC_OPTIONS='-isysroot' '/Library/Developer/CommandLineTools/SDKs/MacOSX10.15.sdk' '-v' '-o' 'cmTC_11472' '-mmacosx-version-min=10.15.0' '-asm_macosx_version_min=10.15' '-shared-libgcc' '-mtune=core2'
 /usr/local/Cellar/gcc@6/6.5.0_2/libexec/gcc/x86_64-apple-darwin18.5.0/6.5.0/collect2 -dynamic -arch x86_64 -macosx_version_min 10.15.0 -syslibroot /Library/Developer/CommandLineTools/SDKs/MacOSX10.15.sdk -weak_reference_mismatches non-weak -o cmTC_11472 -L/usr/local/Cellar/gcc@6/6.5.0_2/lib/gcc/6/gcc/x86_64-apple-darwin18.5.0/6.5.0 -L/usr/local/Cellar/gcc@6/6.5.0_2/lib/gcc/6/gcc/x86_64-apple-darwin18.5.0/6.5.0/../../.. -search_paths_first -headerpad_max_install_names -v CMakeFiles/cmTC_11472.dir/CMakeCXXCompilerABI.cpp.o -lstdc++ -no_compact_unwind -lSystem -lgcc_ext.10.5 -lgcc -lSystem -v
collect2 version 6.5.0
/usr/bin/ld -dynamic -arch x86_64 -macosx_version_min 10.15.0 -syslibroot /Library/Developer/CommandLineTools/SDKs/MacOSX10.15.sdk -weak_reference_mismatches non-weak -o cmTC_11472 -L/usr/local/Cellar/gcc@6/6.5.0_2/lib/gcc/6/gcc/x86_64-apple-darwin18.5.0/6.5.0 -L/usr/local/Cellar/gcc@6/6.5.0_2/lib/gcc/6/gcc/x86_64-apple-darwin18.5.0/6.5.0/../../.. -search_paths_first -headerpad_max_install_names -v CMakeFiles/cmTC_11472.dir/CMakeCXXCompilerABI.cpp.o -lstdc++ -no_compact_unwind -lSystem -lgcc_ext.10.5 -lgcc -lSystem -v
@(#)PROGRAM:ld  PROJECT:ld64-520
BUILD 18:38:01 Oct 11 2019
configured to support archs: armv6 armv7 armv7s arm64 arm64e arm64_32 i386 x86_64 x86_64h armv6m armv7k armv7m armv7em
@(#)PROGRAM:ld  PROJECT:ld64-520
BUILD 18:38:01 Oct 11 2019
configured to support archs: armv6 armv7 armv7s arm64 arm64e arm64_32 i386 x86_64 x86_64h armv6m armv7k armv7m armv7em
Library search paths:
	/usr/local/Cellar/gcc@6/6.5.0_2/lib/gcc/6/gcc/x86_64-apple-darwin18.5.0/6.5.0
	/usr/local/Cellar/gcc@6/6.5.0_2/lib/gcc/6
	/Library/Developer/CommandLineTools/SDKs/MacOSX10.15.sdk/usr/lib
Framework search paths:
	/Library/Developer/CommandLineTools/SDKs/MacOSX10.15.sdk/System/Library/Frameworks/
 /usr/bin/nm -n CMakeFiles/cmTC_11472.dir/CMakeCXXCompilerABI.cpp.o



Parsed CXX implicit include dir info from above output: rv=done
  found start of include info
  found start of implicit include info
    add: [/usr/local/Cellar/gcc@6/6.5.0_2/lib/gcc/6/gcc/x86_64-apple-darwin18.5.0/6.5.0/../../../../../../include/c++/6.5.0]
    add: [/usr/local/Cellar/gcc@6/6.5.0_2/lib/gcc/6/gcc/x86_64-apple-darwin18.5.0/6.5.0/../../../../../../include/c++/6.5.0/x86_64-apple-darwin18.5.0]
    add: [/usr/local/Cellar/gcc@6/6.5.0_2/lib/gcc/6/gcc/x86_64-apple-darwin18.5.0/6.5.0/../../../../../../include/c++/6.5.0/backward]
    add: [/usr/local/Cellar/gcc@6/6.5.0_2/lib/gcc/6/gcc/x86_64-apple-darwin18.5.0/6.5.0/include]
    add: [/usr/local/Cellar/gcc@6/6.5.0_2/lib/gcc/6/gcc/x86_64-apple-darwin18.5.0/6.5.0/include-fixed]
    add: [/Library/Developer/CommandLineTools/SDKs/MacOSX10.15.sdk/usr/include]
    add: [/Library/Developer/CommandLineTools/SDKs/MacOSX10.15.sdk/System/Library/Frameworks]
  end of search list found
  collapse include dir [/usr/local/Cellar/gcc@6/6.5.0_2/lib/gcc/6/gcc/x86_64-apple-darwin18.5.0/6.5.0/../../../../../../include/c++/6.5.0] ==> [/usr/local/Cellar/gcc@6/6.5.0_2/include/c++/6.5.0]
  collapse include dir [/usr/local/Cellar/gcc@6/6.5.0_2/lib/gcc/6/gcc/x86_64-apple-darwin18.5.0/6.5.0/../../../../../../include/c++/6.5.0/x86_64-apple-darwin18.5.0] ==> [/usr/local/Cellar/gcc@6/6.5.0_2/include/c++/6.5.0/x86_64-apple-darwin18.5.0]
  collapse include dir [/usr/local/Cellar/gcc@6/6.5.0_2/lib/gcc/6/gcc/x86_64-apple-darwin18.5.0/6.5.0/../../../../../../include/c++/6.5.0/backward] ==> [/usr/local/Cellar/gcc@6/6.5.0_2/include/c++/6.5.0/backward]
  collapse include dir [/usr/local/Cellar/gcc@6/6.5.0_2/lib/gcc/6/gcc/x86_64-apple-darwin18.5.0/6.5.0/include] ==> [/usr/local/Cellar/gcc@6/6.5.0_2/lib/gcc/6/gcc/x86_64-apple-darwin18.5.0/6.5.0/include]
  collapse include dir [/usr/local/Cellar/gcc@6/6.5.0_2/lib/gcc/6/gcc/x86_64-apple-darwin18.5.0/6.5.0/include-fixed] ==> [/usr/local/Cellar/gcc@6/6.5.0_2/lib/gcc/6/gcc/x86_64-apple-darwin18.5.0/6.5.0/include-fixed]
  collapse include dir [/Library/Developer/CommandLineTools/SDKs/MacOSX10.15.sdk/usr/include] ==> [/Library/Developer/CommandLineTools/SDKs/MacOSX10.15.sdk/usr/include]
  collapse include dir [/Library/Developer/CommandLineTools/SDKs/MacOSX10.15.sdk/System/Library/Frameworks] ==> [/Library/Developer/CommandLineTools/SDKs/MacOSX10.15.sdk/System/Library/Frameworks]
  implicit include dirs: [/usr/local/Cellar/gcc@6/6.5.0_2/include/c++/6.5.0;/usr/local/Cellar/gcc@6/6.5.0_2/include/c++/6.5.0/x86_64-apple-darwin18.5.0;/usr/local/Cellar/gcc@6/6.5.0_2/include/c++/6.5.0/backward;/usr/local/Cellar/gcc@6/6.5.0_2/lib/gcc/6/gcc/x86_64-apple-darwin18.5.0/6.5.0/include;/usr/local/Cellar/gcc@6/6.5.0_2/lib/gcc/6/gcc/x86_64-apple-darwin18.5.0/6.5.0/include-fixed;/Library/Developer/CommandLineTools/SDKs/MacOSX10.15.sdk/usr/include;/Library/Developer/CommandLineTools/SDKs/MacOSX10.15.sdk/System/Library/Frameworks]


Parsed CXX implicit link information from above output:
  link line regex: [^( *|.*[/\])(ld|CMAKE_LINK_STARTFILE-NOTFOUND|([^/\]+-)?ld|collect2)[^/\]*( |$)]
  ignore line: [Change Dir: /Users/Double/Documents/workspace/postgraduate/df-allocator/build/CMakeFiles/CMakeTmp]
  ignore line: []
  ignore line: [Run Build Command(s):/usr/bin/make cmTC_11472/fast && /Library/Developer/CommandLineTools/usr/bin/make -f CMakeFiles/cmTC_11472.dir/build.make CMakeFiles/cmTC_11472.dir/build]
  ignore line: [Building CXX object CMakeFiles/cmTC_11472.dir/CMakeCXXCompilerABI.cpp.o]
  ignore line: [/usr/local/bin/g++-6    -isysroot /Library/Developer/CommandLineTools/SDKs/MacOSX10.15.sdk   -v -Wl,-v -o CMakeFiles/cmTC_11472.dir/CMakeCXXCompilerABI.cpp.o -c /usr/local/Cellar/cmake/3.15.3/share/cmake/Modules/CMakeCXXCompilerABI.cpp]
  ignore line: [Using built-in specs.]
  ignore line: [COLLECT_GCC=/usr/local/bin/g++-6]
  ignore line: [Target: x86_64-apple-darwin18.5.0]
  ignore line: [Configured with: ../configure --build=x86_64-apple-darwin18.5.0 --prefix=/usr/local/Cellar/gcc@6/6.5.0_2 --libdir=/usr/local/Cellar/gcc@6/6.5.0_2/lib/gcc/6 --enable-languages=c,c++,objc,obj-c++,fortran --program-suffix=-6 --with-gmp=/usr/local/opt/gmp --with-mpfr=/usr/local/opt/mpfr --with-mpc=/usr/local/opt/libmpc --with-isl=/usr/local/opt/isl --with-system-zlib --enable-stage1-checking --enable-checking=release --enable-lto --with-build-config=bootstrap-debug --disable-werror --with-pkgversion='Homebrew GCC 6.5.0_2' --with-bugurl=https://github.com/Homebrew/homebrew-core/issues --disable-nls --disable-multilib --with-native-system-header-dir=/usr/include --with-sysroot=/Library/Developer/CommandLineTools/SDKs/MacOSX.sdk]
  ignore line: [Thread model: posix]
  ignore line: [gcc version 6.5.0 (Homebrew GCC 6.5.0_2) ]
  ignore line: [COLLECT_GCC_OPTIONS='-isysroot' '/Library/Developer/CommandLineTools/SDKs/MacOSX10.15.sdk' '-v' '-o' 'CMakeFiles/cmTC_11472.dir/CMakeCXXCompilerABI.cpp.o' '-c' '-mmacosx-version-min=10.15.0' '-asm_macosx_version_min=10.15' '-shared-libgcc' '-mtune=core2']
  ignore line: [ /usr/local/Cellar/gcc@6/6.5.0_2/libexec/gcc/x86_64-apple-darwin18.5.0/6.5.0/cc1plus -quiet -v -D__DYNAMIC__ -isysroot /Library/Developer/CommandLineTools/SDKs/MacOSX10.15.sdk /usr/local/Cellar/cmake/3.15.3/share/cmake/Modules/CMakeCXXCompilerABI.cpp -fPIC -quiet -dumpbase CMakeCXXCompilerABI.cpp -mmacosx-version-min=10.15.0 -mtune=core2 -auxbase-strip CMakeFiles/cmTC_11472.dir/CMakeCXXCompilerABI.cpp.o -version -o /var/folders/hf/6zydfxtd707crbrhz18rw86r0000gn/T//ccnKZwHT.s]
  ignore line: [GNU C++14 (Homebrew GCC 6.5.0_2) version 6.5.0 (x86_64-apple-darwin18.5.0)]
  ignore line: [	compiled by GNU C version 6.5.0, GMP version 6.1.2, MPFR version 4.0.2, MPC version 1.1.0, isl version 0.15]
  ignore line: [GGC heuristics: --param ggc-min-expand=100 --param ggc-min-heapsize=131072]
  ignore line: [ignoring nonexistent directory "/Library/Developer/CommandLineTools/SDKs/MacOSX10.15.sdk/usr/local/include"]
  ignore line: [ignoring nonexistent directory "/usr/local/Cellar/gcc@6/6.5.0_2/lib/gcc/6/gcc/x86_64-apple-darwin18.5.0/6.5.0/../../../../../../x86_64-apple-darwin18.5.0/include"]
  ignore line: [ignoring nonexistent directory "/Library/Developer/CommandLineTools/SDKs/MacOSX10.15.sdk/Library/Frameworks"]
  ignore line: [#include "..." search starts here:]
  ignore line: [#include <...> search starts here:]
  ignore line: [ /usr/local/Cellar/gcc@6/6.5.0_2/lib/gcc/6/gcc/x86_64-apple-darwin18.5.0/6.5.0/../../../../../../include/c++/6.5.0]
  ignore line: [ /usr/local/Cellar/gcc@6/6.5.0_2/lib/gcc/6/gcc/x86_64-apple-darwin18.5.0/6.5.0/../../../../../../include/c++/6.5.0/x86_64-apple-darwin18.5.0]
  ignore line: [ /usr/local/Cellar/gcc@6/6.5.0_2/lib/gcc/6/gcc/x86_64-apple-darwin18.5.0/6.5.0/../../../../../../include/c++/6.5.0/backward]
  ignore line: [ /usr/local/Cellar/gcc@6/6.5.0_2/lib/gcc/6/gcc/x86_64-apple-darwin18.5.0/6.5.0/include]
  ignore line: [ /usr/local/Cellar/gcc@6/6.5.0_2/lib/gcc/6/gcc/x86_64-apple-darwin18.5.0/6.5.0/include-fixed]
  ignore line: [ /Library/Developer/CommandLineTools/SDKs/MacOSX10.15.sdk/usr/include]
  ignore line: [ /Library/Developer/CommandLineTools/SDKs/MacOSX10.15.sdk/System/Library/Frameworks]
  ignore line: [End of search list.]
  ignore line: [GNU C++14 (Homebrew GCC 6.5.0_2) version 6.5.0 (x86_64-apple-darwin18.5.0)]
  ignore line: [	compiled by GNU C version 6.5.0, GMP version 6.1.2, MPFR version 4.0.2, MPC version 1.1.0, isl version 0.15]
  ignore line: [GGC heuristics: --param ggc-min-expand=100 --param ggc-min-heapsize=131072]
  ignore line: [Compiler executable checksum: e251c6e79ef1d8d16e9c3cb3d9bf1883]
  ignore line: [COLLECT_GCC_OPTIONS='-isysroot' '/Library/Developer/CommandLineTools/SDKs/MacOSX10.15.sdk' '-v' '-o' 'CMakeFiles/cmTC_11472.dir/CMakeCXXCompilerABI.cpp.o' '-c' '-mmacosx-version-min=10.15.0'  '-shared-libgcc' '-mtune=core2']
  ignore line: [ as -arch x86_64 -v -force_cpusubtype_ALL -mmacosx-version-min=10.15 -o CMakeFiles/cmTC_11472.dir/CMakeCXXCompilerABI.cpp.o /var/folders/hf/6zydfxtd707crbrhz18rw86r0000gn/T//ccnKZwHT.s]
  ignore line: [Apple clang version 11.0.0 (clang-1100.0.33.12)]
  ignore line: [Target: x86_64-apple-darwin19.0.0]
  ignore line: [Thread model: posix]
  ignore line: [InstalledDir: /Library/Developer/CommandLineTools/usr/bin]
  ignore line: [ "/Library/Developer/CommandLineTools/usr/bin/clang" -cc1as -triple x86_64-apple-macosx10.15.0 -filetype obj -main-file-name ccnKZwHT.s -target-cpu penryn -fdebug-compilation-dir /Users/Double/Documents/workspace/postgraduate/df-allocator/build/CMakeFiles/CMakeTmp -dwarf-debug-producer Apple clang version 11.0.0 (clang-1100.0.33.12) -dwarf-version=4 -mrelocation-model pic -o CMakeFiles/cmTC_11472.dir/CMakeCXXCompilerABI.cpp.o /var/folders/hf/6zydfxtd707crbrhz18rw86r0000gn/T//ccnKZwHT.s]
  ignore line: [COMPILER_PATH=/usr/local/Cellar/gcc@6/6.5.0_2/libexec/gcc/x86_64-apple-darwin18.5.0/6.5.0/:/usr/local/Cellar/gcc@6/6.5.0_2/libexec/gcc/x86_64-apple-darwin18.5.0/6.5.0/:/usr/local/Cellar/gcc@6/6.5.0_2/libexec/gcc/x86_64-apple-darwin18.5.0/:/usr/local/Cellar/gcc@6/6.5.0_2/lib/gcc/6/gcc/x86_64-apple-darwin18.5.0/6.5.0/:/usr/local/Cellar/gcc@6/6.5.0_2/lib/gcc/6/gcc/x86_64-apple-darwin18.5.0/]
  ignore line: [LIBRARY_PATH=/usr/local/Cellar/gcc@6/6.5.0_2/lib/gcc/6/gcc/x86_64-apple-darwin18.5.0/6.5.0/:/usr/local/Cellar/gcc@6/6.5.0_2/lib/gcc/6/gcc/x86_64-apple-darwin18.5.0/6.5.0/../../../]
  ignore line: [COLLECT_GCC_OPTIONS='-isysroot' '/Library/Developer/CommandLineTools/SDKs/MacOSX10.15.sdk' '-v' '-o' 'CMakeFiles/cmTC_11472.dir/CMakeCXXCompilerABI.cpp.o' '-c' '-mmacosx-version-min=10.15.0'  '-shared-libgcc' '-mtune=core2']
  ignore line: [Linking CXX executable cmTC_11472]
  ignore line: [/usr/local/Cellar/cmake/3.15.3/bin/cmake -E cmake_link_script CMakeFiles/cmTC_11472.dir/link.txt --verbose=1]
  ignore line: [/usr/local/bin/g++-6    -isysroot /Library/Developer/CommandLineTools/SDKs/MacOSX10.15.sdk -Wl,-search_paths_first -Wl,-headerpad_max_install_names  -v -Wl,-v CMakeFiles/cmTC_11472.dir/CMakeCXXCompilerABI.cpp.o  -o cmTC_11472 ]
  ignore line: [Using built-in specs.]
  ignore line: [COLLECT_GCC=/usr/local/bin/g++-6]
  ignore line: [COLLECT_LTO_WRAPPER=/usr/local/Cellar/gcc@6/6.5.0_2/libexec/gcc/x86_64-apple-darwin18.5.0/6.5.0/lto-wrapper]
  ignore line: [Target: x86_64-apple-darwin18.5.0]
  ignore line: [Configured with: ../configure --build=x86_64-apple-darwin18.5.0 --prefix=/usr/local/Cellar/gcc@6/6.5.0_2 --libdir=/usr/local/Cellar/gcc@6/6.5.0_2/lib/gcc/6 --enable-languages=c,c++,objc,obj-c++,fortran --program-suffix=-6 --with-gmp=/usr/local/opt/gmp --with-mpfr=/usr/local/opt/mpfr --with-mpc=/usr/local/opt/libmpc --with-isl=/usr/local/opt/isl --with-system-zlib --enable-stage1-checking --enable-checking=release --enable-lto --with-build-config=bootstrap-debug --disable-werror --with-pkgversion='Homebrew GCC 6.5.0_2' --with-bugurl=https://github.com/Homebrew/homebrew-core/issues --disable-nls --disable-multilib --with-native-system-header-dir=/usr/include --with-sysroot=/Library/Developer/CommandLineTools/SDKs/MacOSX.sdk]
  ignore line: [Thread model: posix]
  ignore line: [gcc version 6.5.0 (Homebrew GCC 6.5.0_2) ]
  ignore line: [COMPILER_PATH=/usr/local/Cellar/gcc@6/6.5.0_2/libexec/gcc/x86_64-apple-darwin18.5.0/6.5.0/:/usr/local/Cellar/gcc@6/6.5.0_2/libexec/gcc/x86_64-apple-darwin18.5.0/6.5.0/:/usr/local/Cellar/gcc@6/6.5.0_2/libexec/gcc/x86_64-apple-darwin18.5.0/:/usr/local/Cellar/gcc@6/6.5.0_2/lib/gcc/6/gcc/x86_64-apple-darwin18.5.0/6.5.0/:/usr/local/Cellar/gcc@6/6.5.0_2/lib/gcc/6/gcc/x86_64-apple-darwin18.5.0/]
  ignore line: [LIBRARY_PATH=/usr/local/Cellar/gcc@6/6.5.0_2/lib/gcc/6/gcc/x86_64-apple-darwin18.5.0/6.5.0/:/usr/local/Cellar/gcc@6/6.5.0_2/lib/gcc/6/gcc/x86_64-apple-darwin18.5.0/6.5.0/../../../]
  ignore line: [COLLECT_GCC_OPTIONS='-isysroot' '/Library/Developer/CommandLineTools/SDKs/MacOSX10.15.sdk' '-v' '-o' 'cmTC_11472' '-mmacosx-version-min=10.15.0' '-asm_macosx_version_min=10.15' '-shared-libgcc' '-mtune=core2']
  link line: [ /usr/local/Cellar/gcc@6/6.5.0_2/libexec/gcc/x86_64-apple-darwin18.5.0/6.5.0/collect2 -dynamic -arch x86_64 -macosx_version_min 10.15.0 -syslibroot /Library/Developer/CommandLineTools/SDKs/MacOSX10.15.sdk -weak_reference_mismatches non-weak -o cmTC_11472 -L/usr/local/Cellar/gcc@6/6.5.0_2/lib/gcc/6/gcc/x86_64-apple-darwin18.5.0/6.5.0 -L/usr/local/Cellar/gcc@6/6.5.0_2/lib/gcc/6/gcc/x86_64-apple-darwin18.5.0/6.5.0/../../.. -search_paths_first -headerpad_max_install_names -v CMakeFiles/cmTC_11472.dir/CMakeCXXCompilerABI.cpp.o -lstdc++ -no_compact_unwind -lSystem -lgcc_ext.10.5 -lgcc -lSystem -v]
    arg [/usr/local/Cellar/gcc@6/6.5.0_2/libexec/gcc/x86_64-apple-darwin18.5.0/6.5.0/collect2] ==> ignore
    arg [-dynamic] ==> ignore
    arg [-arch] ==> ignore
    arg [x86_64] ==> ignore
    arg [-macosx_version_min] ==> ignore
    arg [10.15.0] ==> ignore
    arg [-syslibroot] ==> ignore
    arg [/Library/Developer/CommandLineTools/SDKs/MacOSX10.15.sdk] ==> ignore
    arg [-weak_reference_mismatches] ==> ignore
    arg [non-weak] ==> ignore
    arg [-o] ==> ignore
    arg [cmTC_11472] ==> ignore
    arg [-L/usr/local/Cellar/gcc@6/6.5.0_2/lib/gcc/6/gcc/x86_64-apple-darwin18.5.0/6.5.0] ==> dir [/usr/local/Cellar/gcc@6/6.5.0_2/lib/gcc/6/gcc/x86_64-apple-darwin18.5.0/6.5.0]
    arg [-L/usr/local/Cellar/gcc@6/6.5.0_2/lib/gcc/6/gcc/x86_64-apple-darwin18.5.0/6.5.0/../../..] ==> dir [/usr/local/Cellar/gcc@6/6.5.0_2/lib/gcc/6/gcc/x86_64-apple-darwin18.5.0/6.5.0/../../..]
    arg [-search_paths_first] ==> ignore
    arg [-headerpad_max_install_names] ==> ignore
    arg [-v] ==> ignore
    arg [CMakeFiles/cmTC_11472.dir/CMakeCXXCompilerABI.cpp.o] ==> ignore
    arg [-lstdc++] ==> lib [stdc++]
    arg [-no_compact_unwind] ==> ignore
    arg [-lSystem] ==> lib [System]
    arg [-lgcc_ext.10.5] ==> lib [gcc_ext.10.5]
    arg [-lgcc] ==> lib [gcc]
    arg [-lSystem] ==> lib [System]
    arg [-v] ==> ignore
  Library search paths: [;/usr/local/Cellar/gcc@6/6.5.0_2/lib/gcc/6/gcc/x86_64-apple-darwin18.5.0/6.5.0;/usr/local/Cellar/gcc@6/6.5.0_2/lib/gcc/6;/Library/Developer/CommandLineTools/SDKs/MacOSX10.15.sdk/usr/lib]
  Framework search paths: [;/Library/Developer/CommandLineTools/SDKs/MacOSX10.15.sdk/System/Library/Frameworks/]
  remove lib [System]
  remove lib [System]
  collapse library dir [/usr/local/Cellar/gcc@6/6.5.0_2/lib/gcc/6/gcc/x86_64-apple-darwin18.5.0/6.5.0] ==> [/usr/local/Cellar/gcc@6/6.5.0_2/lib/gcc/6/gcc/x86_64-apple-darwin18.5.0/6.5.0]
  collapse library dir [/usr/local/Cellar/gcc@6/6.5.0_2/lib/gcc/6/gcc/x86_64-apple-darwin18.5.0/6.5.0/../../..] ==> [/usr/local/Cellar/gcc@6/6.5.0_2/lib/gcc/6]
  collapse library dir [/usr/local/Cellar/gcc@6/6.5.0_2/lib/gcc/6/gcc/x86_64-apple-darwin18.5.0/6.5.0] ==> [/usr/local/Cellar/gcc@6/6.5.0_2/lib/gcc/6/gcc/x86_64-apple-darwin18.5.0/6.5.0]
  collapse library dir [/usr/local/Cellar/gcc@6/6.5.0_2/lib/gcc/6] ==> [/usr/local/Cellar/gcc@6/6.5.0_2/lib/gcc/6]
  collapse library dir [/Library/Developer/CommandLineTools/SDKs/MacOSX10.15.sdk/usr/lib] ==> [/Library/Developer/CommandLineTools/SDKs/MacOSX10.15.sdk/usr/lib]
  collapse framework dir [/Library/Developer/CommandLineTools/SDKs/MacOSX10.15.sdk/System/Library/Frameworks/] ==> [/Library/Developer/CommandLineTools/SDKs/MacOSX10.15.sdk/System/Library/Frameworks]
  implicit libs: [stdc++;gcc_ext.10.5;gcc]
  implicit dirs: [/usr/local/Cellar/gcc@6/6.5.0_2/lib/gcc/6/gcc/x86_64-apple-darwin18.5.0/6.5.0;/usr/local/Cellar/gcc@6/6.5.0_2/lib/gcc/6;/Library/Developer/CommandLineTools/SDKs/MacOSX10.15.sdk/usr/lib]
  implicit fwks: [/Library/Developer/CommandLineTools/SDKs/MacOSX10.15.sdk/System/Library/Frameworks]


